<?xml version="1.0" encoding="UTF-8"?>
<!-- Generated by org.testng.reporters.JUnitReportReporter -->
<testsuite hostname="DESKTOP-UM6LR8M" name="com.script.LoginTest" tests="1" failures="0" timestamp="16 Jul 2017 05:46:32 GMT" time="35.129" errors="0">
  <testcase name="abofLoginApplication" time="35.129" classname="com.script.LoginTest"/>
</testsuite> <!-- com.script.LoginTest -->
