<?xml version="1.0" encoding="UTF-8"?>
<!-- Generated by org.testng.reporters.JUnitReportReporter -->
<testsuite hostname="DESKTOP-UM6LR8M" name="com.defaulttestng.testnf" tests="1" failures="0" timestamp="2 Jul 2017 06:00:53 GMT" time="0.014" errors="0">
  <testcase name="test" time="0.014" classname="com.defaulttestng.testnf"/>
</testsuite> <!-- com.defaulttestng.testnf -->
