<?xml version="1.0" encoding="UTF-8"?>
<!-- Generated by org.testng.reporters.JUnitReportReporter -->
<testsuite hostname="DESKTOP-UM6LR8M" name="com.defaulttestng.testng" tests="3" failures="0" timestamp="25 Jun 2017 06:25:05 GMT" time="0.013" errors="0">
  <testcase name="logout" time="0.004" classname="com.defaulttestng.testng"/>
  <testcase name="sampletest" time="0.007" classname="com.defaulttestng.testng"/>
  <testcase name="verifyhome" time="0.002" classname="com.defaulttestng.testng"/>
</testsuite> <!-- com.defaulttestng.testng -->
