<?xml version="1.0" encoding="UTF-8"?>
<!-- Generated by org.testng.reporters.JUnitReportReporter -->
<testsuite hostname="DESKTOP-UM6LR8M" name="com.script.FilterTest" tests="1" failures="0" timestamp="22 Jul 2017 08:09:08 GMT" time="26.503" errors="1">
  <testcase name="handleRadioButton" time="26.503" classname="com.script.FilterTest">
    <error type="org.openqa.selenium.remote.SessionNotFoundException" message="
Command duration or timeout: 24 milliseconds
Build info: version: &#039;2.53.1&#039;, revision: &#039;a36b8b1cd5757287168e54b817830adce9b0158d&#039;, time: &#039;2016-06-30 19:26:09&#039;
System info: host: &#039;DESKTOP-UM6LR8M&#039;, ip: &#039;172.20.10.4&#039;, os.name: &#039;Windows 10&#039;, os.arch: &#039;amd64&#039;, os.version: &#039;10.0&#039;, java.version: &#039;1.8.0_131&#039;
Driver info: io.appium.java_client.android.AndroidDriver
Capabilities [{app=D:\newdocument\Abof\ApkFile\abof_com.abof.android.apk, appPackage=com.abof.android, networkConnectionEnabled=true, warnings={}, databaseEnabled=false, deviceName=G5AXB727E236P4Z, platform=LINUX, appActivity=com.abof.android.landingpage.view.LandingPageView, desired={app=D:\newdocument\Abof\ApkFile\abof_com.abof.android.apk, appPackage=com.abof.android, appActivity=com.abof.android.landingpage.view.LandingPageView, platformVersion=6.0.1, automationName=Appium, platformName=Android, udid=G5AXB727E236P4Z, deviceName=G5AXB727E236P4Z}, platformVersion=6.0.1, webStorageEnabled=false, locationContextEnabled=false, automationName=Appium, browserName=Android, takesScreenshot=true, javascriptEnabled=true, platformName=Android, udid=G5AXB727E236P4Z}]
Session ID: 3ca61058-7f94-433f-ae01-ad5b9837682d
*** Element info: {Using=name, value=MEN}">
      <![CDATA[org.openqa.selenium.remote.SessionNotFoundException: 
Command duration or timeout: 24 milliseconds
Build info: version: '2.53.1', revision: 'a36b8b1cd5757287168e54b817830adce9b0158d', time: '2016-06-30 19:26:09'
System info: host: 'DESKTOP-UM6LR8M', ip: '172.20.10.4', os.name: 'Windows 10', os.arch: 'amd64', os.version: '10.0', java.version: '1.8.0_131'
Driver info: io.appium.java_client.android.AndroidDriver
Capabilities [{app=D:\newdocument\Abof\ApkFile\abof_com.abof.android.apk, appPackage=com.abof.android, networkConnectionEnabled=true, warnings={}, databaseEnabled=false, deviceName=G5AXB727E236P4Z, platform=LINUX, appActivity=com.abof.android.landingpage.view.LandingPageView, desired={app=D:\newdocument\Abof\ApkFile\abof_com.abof.android.apk, appPackage=com.abof.android, appActivity=com.abof.android.landingpage.view.LandingPageView, platformVersion=6.0.1, automationName=Appium, platformName=Android, udid=G5AXB727E236P4Z, deviceName=G5AXB727E236P4Z}, platformVersion=6.0.1, webStorageEnabled=false, locationContextEnabled=false, automationName=Appium, browserName=Android, takesScreenshot=true, javascriptEnabled=true, platformName=Android, udid=G5AXB727E236P4Z}]
Session ID: 3ca61058-7f94-433f-ae01-ad5b9837682d
*** Element info: {Using=name, value=MEN}
	at sun.reflect.NativeConstructorAccessorImpl.newInstance0(Native Method)
	at sun.reflect.NativeConstructorAccessorImpl.newInstance(Unknown Source)
	at sun.reflect.DelegatingConstructorAccessorImpl.newInstance(Unknown Source)
	at java.lang.reflect.Constructor.newInstance(Unknown Source)
	at org.openqa.selenium.remote.ErrorHandler.createThrowable(ErrorHandler.java:206)
	at org.openqa.selenium.remote.ErrorHandler.throwIfResponseFailed(ErrorHandler.java:158)
	at org.openqa.selenium.remote.RemoteWebDriver.execute(RemoteWebDriver.java:678)
	at io.appium.java_client.DefaultGenericMobileDriver.execute(DefaultGenericMobileDriver.java:40)
	at io.appium.java_client.AppiumDriver.execute(AppiumDriver.java:1)
	at io.appium.java_client.android.AndroidDriver.execute(AndroidDriver.java:1)
	at org.openqa.selenium.remote.RemoteWebDriver.findElement(RemoteWebDriver.java:363)
	at io.appium.java_client.DefaultGenericMobileDriver.findElement(DefaultGenericMobileDriver.java:56)
	at io.appium.java_client.AppiumDriver.findElement(AppiumDriver.java:1)
	at io.appium.java_client.android.AndroidDriver.findElement(AndroidDriver.java:1)
	at org.openqa.selenium.remote.RemoteWebDriver.findElementByName(RemoteWebDriver.java:461)
	at io.appium.java_client.DefaultGenericMobileDriver.findElementByName(DefaultGenericMobileDriver.java:104)
	at io.appium.java_client.AppiumDriver.findElementByName(AppiumDriver.java:1)
	at io.appium.java_client.android.AndroidDriver.findElementByName(AndroidDriver.java:1)
	at org.openqa.selenium.By$ByName.findElement(By.java:303)
	at org.openqa.selenium.remote.RemoteWebDriver.findElement(RemoteWebDriver.java:355)
	at io.appium.java_client.DefaultGenericMobileDriver.findElement(DefaultGenericMobileDriver.java:52)
	at io.appium.java_client.AppiumDriver.findElement(AppiumDriver.java:1)
	at io.appium.java_client.android.AndroidDriver.findElement(AndroidDriver.java:1)
	at org.openqa.selenium.support.pagefactory.DefaultElementLocator.findElement(DefaultElementLocator.java:69)
	at org.openqa.selenium.support.pagefactory.internal.LocatingElementHandler.invoke(LocatingElementHandler.java:38)
	at com.sun.proxy.$Proxy8.click(Unknown Source)
	at com.script.FilterTest.handleRadioButton(FilterTest.java:46)
	at sun.reflect.NativeMethodAccessorImpl.invoke0(Native Method)
	at sun.reflect.NativeMethodAccessorImpl.invoke(Unknown Source)
	at sun.reflect.DelegatingMethodAccessorImpl.invoke(Unknown Source)
	at java.lang.reflect.Method.invoke(Unknown Source)
	at org.testng.internal.MethodInvocationHelper.invokeMethod(MethodInvocationHelper.java:85)
	at org.testng.internal.Invoker.invokeMethod(Invoker.java:639)
	at org.testng.internal.Invoker.invokeTestMethod(Invoker.java:816)
	at org.testng.internal.Invoker.invokeTestMethods(Invoker.java:1124)
	at org.testng.internal.TestMethodWorker.invokeTestMethods(TestMethodWorker.java:125)
	at org.testng.internal.TestMethodWorker.run(TestMethodWorker.java:108)
	at org.testng.TestRunner.privateRun(TestRunner.java:774)
	at org.testng.TestRunner.run(TestRunner.java:624)
	at org.testng.SuiteRunner.runTest(SuiteRunner.java:359)
	at org.testng.SuiteRunner.access$000(SuiteRunner.java:39)
	at org.testng.SuiteRunner$SuiteWorker.run(SuiteRunner.java:393)
	at org.testng.internal.thread.ThreadUtil$2.call(ThreadUtil.java:64)
	at java.util.concurrent.FutureTask.run(Unknown Source)
	at java.util.concurrent.ThreadPoolExecutor.runWorker(Unknown Source)
	at java.util.concurrent.ThreadPoolExecutor$Worker.run(Unknown Source)
	at java.lang.Thread.run(Unknown Source)
]]>
    </error>
  </testcase> <!-- handleRadioButton -->
</testsuite> <!-- com.script.FilterTest -->
