<?xml version="1.0" encoding="UTF-8"?>
<!-- Generated by org.testng.reporters.JUnitReportReporter -->
<testsuite hostname="DESKTOP-UM6LR8M" name="com.script.SwtichBtwApplication" tests="1" failures="0" timestamp="15 Jul 2017 05:39:04 GMT" time="25.037" errors="0">
  <testcase name="sampleTest" time="25.037" classname="com.script.SwtichBtwApplication"/>
</testsuite> <!-- com.script.SwtichBtwApplication -->
