<?xml version="1.0" encoding="UTF-8"?>
<!-- Generated by org.testng.reporters.JUnitReportReporter -->
<testsuite hostname="DESKTOP-UM6LR8M" name="com.script.HandleSelectList" tests="1" failures="0" timestamp="9 Jul 2017 05:51:32 GMT" time="26.171" errors="0">
  <testcase name="handle" time="26.171" classname="com.script.HandleSelectList"/>
</testsuite> <!-- com.script.HandleSelectList -->
