<?xml version="1.0" encoding="UTF-8"?>
<!-- Generated by org.testng.reporters.JUnitReportReporter -->
<testsuite hostname="DESKTOP-UM6LR8M" name="com.script.Sampletest" tests="1" failures="0" timestamp="22 Jul 2017 07:28:54 GMT" time="0.013" errors="0">
  <testcase name="sample" time="0.013" classname="com.script.Sampletest"/>
</testsuite> <!-- com.script.Sampletest -->
