<?xml version="1.0" encoding="UTF-8"?>
<!-- Generated by org.testng.reporters.JUnitReportReporter -->
<testsuite hostname="DESKTOP-UM6LR8M" name="com.script.Swipe" tests="1" failures="0" timestamp="2 Jul 2017 07:12:44 GMT" time="69.998" errors="0">
  <testcase name="swipeabofapplication" time="69.998" classname="com.script.Swipe"/>
</testsuite> <!-- com.script.Swipe -->
