<?xml version="1.0" encoding="UTF-8"?>
<!-- Generated by org.testng.reporters.JUnitReportReporter -->
<testsuite hostname="DESKTOP-UM6LR8M" name="com.libarary.BaseClass" tests="1" failures="0" timestamp="1 Jul 2017 05:47:54 GMT" time="0.011" errors="0">
  <testcase name="sample" time="0.011" classname="com.libarary.BaseClass"/>
</testsuite> <!-- com.libarary.BaseClass -->
